Logging configured
Error handlers registered successfully
Logging configured
Error handlers registered successfully
Logging configured
Error handlers registered successfully
Logging configured
Error handlers registered successfully
Logging configured
Error handlers registered successfully
Logging configured
Error handlers registered successfully
Logging configured
Error handlers registered successfully
Logging configured
Error handlers registered successfully
Logging configured
Error handlers registered successfully
Logging configured
Error handlers registered successfully
Logging configured
Error handlers registered successfully
Logging configured
Error handlers registered successfully
Logging configured
Error handlers registered successfully
Logging configured
Error handlers registered successfully
Logging configured
Error handlers registered successfully
Logging configured
Error handlers registered successfully
Logging configured
Error handlers registered successfully
Logging configured
Error handlers registered successfully
Logging configured
Error handlers registered successfully
Logging configured
Error handlers registered successfully
Logging configured
Error handlers registered successfully
Logging configured
Error handlers registered successfully
Logging configured
Error handlers registered successfully
Logging configured
Error handlers registered successfully
Logging configured
Error handlers registered successfully
Logging configured
Error handlers registered successfully
Logging configured
Error handlers registered successfully
Logging configured
Error handlers registered successfully
Logging configured
Error handlers registered successfully
Logging configured
Error handlers registered successfully
Logging configured
Error handlers registered successfully
Logging configured
Error handlers registered successfully
Logging configured
Error handlers registered successfully
Logging configured
Error handlers registered successfully
Logging configured
Error handlers registered successfully
Logging configured
Error handlers registered successfully
Logging configured
Error handlers registered successfully
Logging configured
Error handlers registered successfully
Logging configured
Error handlers registered successfully
Logging configured
Error handlers registered successfully
Logging configured
Error handlers registered successfully
Logging configured
Error handlers registered successfully
Logging configured
Error handlers registered successfully
Logging configured
Logging configured
Error handlers registered successfully
Logging configured
Error handlers registered successfully
Logging configured
Error handlers registered successfully
Logging configured
Error handlers registered successfully
Logging configured
Error handlers registered successfully
Logging configured
Error handlers registered successfully
Logging configured
Error handlers registered successfully
Logging configured
User veritabanı servisi başlatıldı
Forum veritabanı servisi başlatıldı
Comment veritabanı servisi başlatıldı
Poll veritabanı servisi başlatıldı
Group veritabanı servisi başlatıldı
Media veritabanı servisi başlatıldı
Error handlers registered successfully
Uygulama DEBUG modunda başlatıldı
Sunucu 0.0.0.0:5000 üzerinde başlatılıyor (Debug: True)
Logging configured
User veritabanı servisi başlatıldı
Forum veritabanı servisi başlatıldı
Comment veritabanı servisi başlatıldı
Poll veritabanı servisi başlatıldı
Group veritabanı servisi başlatıldı
Media veritabanı servisi başlatıldı
Error handlers registered successfully
Uygulama DEBUG modunda başlatıldı
Sunucu 0.0.0.0:5000 üzerinde başlatılıyor (Debug: True)
Logging configured
User veritabanı servisi başlatıldı
Forum veritabanı servisi başlatıldı
Comment veritabanı servisi başlatıldı
Poll veritabanı servisi başlatıldı
Group veritabanı servisi başlatıldı
Media veritabanı servisi başlatıldı
Error handlers registered successfully
Uygulama DEBUG modunda başlatıldı
Sunucu 0.0.0.0:5000 üzerinde başlatılıyor (Debug: True)
Logging configured
User veritabanı servisi başlatıldı
Forum veritabanı servisi başlatıldı
Comment veritabanı servisi başlatıldı
Poll veritabanı servisi başlatıldı
Group veritabanı servisi başlatıldı
Media veritabanı servisi başlatıldı
Error handlers registered successfully
Uygulama DEBUG modunda başlatıldı
Sunucu 0.0.0.0:5000 üzerinde başlatılıyor (Debug: True)
Logging configured
User veritabanı servisi başlatıldı
Forum veritabanı servisi başlatıldı
Comment veritabanı servisi başlatıldı
Poll veritabanı servisi başlatıldı
Group veritabanı servisi başlatıldı
Media veritabanı servisi başlatıldı
Error handlers registered successfully
Uygulama DEBUG modunda başlatıldı
Sunucu 0.0.0.0:5000 üzerinde başlatılıyor (Debug: True)
Logging configured
User veritabanı servisi başlatıldı
Forum veritabanı servisi başlatıldı
Comment veritabanı servisi başlatıldı
Poll veritabanı servisi başlatıldı
Group veritabanı servisi başlatıldı
Media veritabanı servisi başlatıldı
Error handlers registered successfully
Uygulama DEBUG modunda başlatıldı
Sunucu 0.0.0.0:5000 üzerinde başlatılıyor (Debug: True)
Logging configured
User veritabanı servisi başlatıldı
Forum veritabanı servisi başlatıldı
Comment veritabanı servisi başlatıldı
Poll veritabanı servisi başlatıldı
Group veritabanı servisi başlatıldı
Media veritabanı servisi başlatıldı
Error handlers registered successfully
Uygulama DEBUG modunda başlatıldı
Sunucu 0.0.0.0:5000 üzerinde başlatılıyor (Debug: True)
Logging configured
User veritabanı servisi başlatıldı
Forum veritabanı servisi başlatıldı
Comment veritabanı servisi başlatıldı
Poll veritabanı servisi başlatıldı
Group veritabanı servisi başlatıldı
Media veritabanı servisi başlatıldı
Error handlers registered successfully
Uygulama DEBUG modunda başlatıldı
Sunucu 0.0.0.0:5000 üzerinde başlatılıyor (Debug: True)
Logging configured
User veritabanı servisi başlatıldı
Forum veritabanı servisi başlatıldı
Comment veritabanı servisi başlatıldı
Poll veritabanı servisi başlatıldı
Group veritabanı servisi başlatıldı
Media veritabanı servisi başlatıldı
Error handlers registered successfully
Uygulama DEBUG modunda başlatıldı
Sunucu 0.0.0.0:5000 üzerinde başlatılıyor (Debug: True)
Logging configured
User veritabanı servisi başlatıldı
Forum veritabanı servisi başlatıldı
Comment veritabanı servisi başlatıldı
Poll veritabanı servisi başlatıldı
Group veritabanı servisi başlatıldı
Media veritabanı servisi başlatıldı
Error handlers registered successfully
Uygulama DEBUG modunda başlatıldı
Sunucu 0.0.0.0:5000 üzerinde başlatılıyor (Debug: True)
Logging configured
User veritabanı servisi başlatıldı
Forum veritabanı servisi başlatıldı
Comment veritabanı servisi başlatıldı
Poll veritabanı servisi başlatıldı
Group veritabanı servisi başlatıldı
Media veritabanı servisi başlatıldı
Error handlers registered successfully
Uygulama DEBUG modunda başlatıldı
Sunucu 0.0.0.0:5000 üzerinde başlatılıyor (Debug: True)
Auth Error: Kullanıcı bulunamadı
Logging configured
User veritabanı servisi başlatıldı
Forum veritabanı servisi başlatıldı
Comment veritabanı servisi başlatıldı
Poll veritabanı servisi başlatıldı
Group veritabanı servisi başlatıldı
Media veritabanı servisi başlatıldı
Error handlers registered successfully
Uygulama DEBUG modunda başlatıldı
Sunucu 0.0.0.0:5000 üzerinde başlatılıyor (Debug: True)
Auth Error: Kullanıcı bulunamadı
Logging configured
User veritabanı servisi başlatıldı
Forum veritabanı servisi başlatıldı
Comment veritabanı servisi başlatıldı
Poll veritabanı servisi başlatıldı
Group veritabanı servisi başlatıldı
Media veritabanı servisi başlatıldı
Error handlers registered successfully
Uygulama DEBUG modunda başlatıldı
Sunucu 0.0.0.0:5000 üzerinde başlatılıyor (Debug: True)
Auth Error: Kullanıcı bulunamadı
Logging configured
User veritabanı servisi başlatıldı
Forum veritabanı servisi başlatıldı
Comment veritabanı servisi başlatıldı
Poll veritabanı servisi başlatıldı
Group veritabanı servisi başlatıldı
Media veritabanı servisi başlatıldı
Error handlers registered successfully
Uygulama DEBUG modunda başlatıldı
Sunucu 0.0.0.0:5000 üzerinde başlatılıyor (Debug: True)
Auth Error: Kullanıcı bulunamadı
Logging configured
User veritabanı servisi başlatıldı
Forum veritabanı servisi başlatıldı
Comment veritabanı servisi başlatıldı
Poll veritabanı servisi başlatıldı
Group veritabanı servisi başlatıldı
Media veritabanı servisi başlatıldı
Error handlers registered successfully
Uygulama DEBUG modunda başlatıldı
Sunucu 0.0.0.0:5000 üzerinde başlatılıyor (Debug: True)
Auth Error: Kullanıcı bulunamadı
Logging configured
User veritabanı servisi başlatıldı
Forum veritabanı servisi başlatıldı
Comment veritabanı servisi başlatıldı
Poll veritabanı servisi başlatıldı
Group veritabanı servisi başlatıldı
Media veritabanı servisi başlatıldı
Error handlers registered successfully
Uygulama DEBUG modunda başlatıldı
Sunucu 0.0.0.0:5000 üzerinde başlatılıyor (Debug: True)
Auth Error: Kullanıcı bulunamadı
Logging configured
User veritabanı servisi başlatıldı
Forum veritabanı servisi başlatıldı
Comment veritabanı servisi başlatıldı
Poll veritabanı servisi başlatıldı
Group veritabanı servisi başlatıldı
Media veritabanı servisi başlatıldı
Error handlers registered successfully
Uygulama DEBUG modunda başlatıldı
Sunucu 0.0.0.0:5000 üzerinde başlatılıyor (Debug: True)
Logging configured
User veritabanı servisi başlatıldı
Forum veritabanı servisi başlatıldı
Comment veritabanı servisi başlatıldı
Poll veritabanı servisi başlatıldı
Group veritabanı servisi başlatıldı
Media veritabanı servisi başlatıldı
Error handlers registered successfully
Uygulama DEBUG modunda başlatıldı
Sunucu 0.0.0.0:5000 üzerinde başlatılıyor (Debug: True)
Logging configured
User veritabanı servisi başlatıldı
Forum veritabanı servisi başlatıldı
Comment veritabanı servisi başlatıldı
Poll veritabanı servisi başlatıldı
Group veritabanı servisi başlatıldı
Media veritabanı servisi başlatıldı
Error handlers registered successfully
Uygulama DEBUG modunda başlatıldı
Sunucu 0.0.0.0:5000 üzerinde başlatılıyor (Debug: True)
